<?xml version="1.0" encoding="UTF-8"?>
<!-- Generated by org.testng.reporters.JUnitReportReporter -->
<testsuite hostname="DESKTOP-838J0I7" failures="0" tests="2" name="com.qa.rest.tests.getCall" time="4.434" errors="0" timestamp="2022-08-08T19:06:40 CEST" skipped="0">
  <testcase classname="com.qa.rest.tests.getCall" name="GetBoardDetails" time="4.167"/>
  <system-out/>
  <testcase classname="com.qa.rest.tests.getCall" name="CreateBoard" time="0.267"/>
  <system-out/>
</testsuite> <!-- com.qa.rest.tests.getCall -->
