<?xml version="1.0" encoding="UTF-8"?>
<!-- Generated by org.testng.reporters.JUnitReportReporter -->
<testsuite hostname="DESKTOP-838J0I7" failures="0" tests="1" name="com.qa.rest.tests.GetBoardTests" time="0.658" errors="0" timestamp="2022-08-09T17:56:48 CEST" skipped="0">
  <testcase classname="com.qa.rest.tests.GetBoardTests" name="getBoardDetails" time="0.658"/>
  <system-out/>
</testsuite> <!-- com.qa.rest.tests.GetBoardTests -->
